[16:31:29 INF] Goal Reminder Service is starting.
[16:31:30 INF] Now listening on: http://localhost:5101
[16:31:30 INF] Application started. Press Ctrl+C to shut down.
[16:31:30 INF] Hosting environment: Development
[16:31:30 INF] Content root path: C:\Users\HaiAnh\Documents\GitHub\project_ki3\Project_ki3\API
[16:32:00 ERR] An error occurred while processing goal reminders.
System.TimeoutException: A timeout occurred after 30000ms selecting a server using CompositeServerSelector{ Selectors = ReadPreferenceServerSelector{ ReadPreference = { Mode : Primary } }, LatencyLimitingServerSelector{ AllowedLatencyRange = 00:00:00.0150000 }, OperationsCountServerSelector }. Client view of cluster state is { ClusterId : "1", Type : "Unknown", State : "Disconnected", Servers : [{ ServerId: "{ ClusterId : 1, EndPoint : "Unspecified/localhost:27017" }", EndPoint: "Unspecified/localhost:27017", ReasonChanged: "Heartbeat", State: "Disconnected", ServerVersion: , TopologyVersion: , Type: "Unknown", HeartbeatException: "MongoDB.Driver.MongoConnectionException: An exception occurred while opening a connection to the server.
 ---> System.Net.Sockets.SocketException (10061): No connection could be made because the target machine actively refused it.
   at System.Net.Sockets.Socket.AwaitableSocketAsyncEventArgs.ThrowException(SocketError error, CancellationToken cancellationToken)
   at System.Net.Sockets.Socket.AwaitableSocketAsyncEventArgs.System.Threading.Tasks.Sources.IValueTaskSource.GetResult(Int16 token)
   at System.Threading.Tasks.ValueTask.ValueTaskSourceAsTask.<>c.<.cctor>b__4_0(Object state)
--- End of stack trace from previous location ---
   at System.Threading.Tasks.TaskToAsyncResult.End(IAsyncResult asyncResult)
   at MongoDB.Driver.Core.Connections.TcpStreamFactory.Connect(Socket socket, EndPoint endPoint, CancellationToken cancellationToken)
   at MongoDB.Driver.Core.Connections.TcpStreamFactory.CreateStream(EndPoint endPoint, CancellationToken cancellationToken)
   at MongoDB.Driver.Core.Connections.BinaryConnection.OpenHelper(CancellationToken cancellationToken)
   --- End of inner exception stack trace ---
   at MongoDB.Driver.Core.Connections.BinaryConnection.OpenHelper(CancellationToken cancellationToken)
   at MongoDB.Driver.Core.Connections.BinaryConnection.Open(CancellationToken cancellationToken)
   at MongoDB.Driver.Core.Servers.ServerMonitor.InitializeConnection(CancellationToken cancellationToken)
   at MongoDB.Driver.Core.Servers.ServerMonitor.Heartbeat(CancellationToken cancellationToken)", LastHeartbeatTimestamp: "2025-05-21T09:31:57.5210059Z", LastUpdateTimestamp: "2025-05-21T09:31:57.5210071Z" }] }.
   at MongoDB.Driver.Core.Clusters.Cluster.ThrowTimeoutException(IServerSelector selector, ClusterDescription description)
   at MongoDB.Driver.Core.Clusters.Cluster.WaitForDescriptionChangedHelper.HandleCompletedTask(Task completedTask)
   at MongoDB.Driver.Core.Clusters.Cluster.WaitForDescriptionChangedAsync(IServerSelector selector, ClusterDescription description, Task descriptionChangedTask, TimeSpan timeout, CancellationToken cancellationToken)
   at MongoDB.Driver.Core.Clusters.Cluster.SelectServerAsync(IServerSelector selector, CancellationToken cancellationToken)
   at MongoDB.Driver.Core.Clusters.IClusterExtensions.SelectServerAndPinIfNeededAsync(IClusterInternal cluster, ICoreSessionHandle session, IServerSelector selector, IReadOnlyCollection`1 deprioritizedServers, CancellationToken cancellationToken)
   at MongoDB.Driver.Core.Bindings.ReadPreferenceBinding.GetReadChannelSourceAsync(IReadOnlyCollection`1 deprioritizedServers, CancellationToken cancellationToken)
   at MongoDB.Driver.Core.Operations.RetryableReadContext.InitializeAsync(CancellationToken cancellationToken)
   at MongoDB.Driver.Core.Operations.RetryableReadContext.CreateAsync(IReadBinding binding, Boolean retryRequested, CancellationToken cancellationToken)
   at MongoDB.Driver.Core.Operations.FindOperation`1.ExecuteAsync(IReadBinding binding, CancellationToken cancellationToken)
   at MongoDB.Driver.OperationExecutor.ExecuteReadOperationAsync[TResult](IReadBinding binding, IReadOperation`1 operation, CancellationToken cancellationToken)
   at MongoDB.Driver.MongoCollectionImpl`1.ExecuteReadOperationAsync[TResult](IClientSessionHandle session, IReadOperation`1 operation, ReadPreference readPreference, CancellationToken cancellationToken)
   at MongoDB.Driver.MongoCollectionImpl`1.UsingImplicitSessionAsync[TResult](Func`2 funcAsync, CancellationToken cancellationToken)
   at MongoDB.Driver.IAsyncCursorSourceExtensions.ToListAsync[TDocument](IAsyncCursorSource`1 source, CancellationToken cancellationToken)
   at Infrastructure.Persistence.Repositories.GoalRepository.GetGoalsWithUpcomingRemindersAsync(DateTime currentTime) in C:\Users\HaiAnh\Documents\GitHub\project_ki3\Project_ki3\Infrastructure\Persistence\Repositories\GoalRepository.cs:line 29
   at Infrastructure.Services.GoalReminderService.ExecuteAsync(CancellationToken stoppingToken) in C:\Users\HaiAnh\Documents\GitHub\project_ki3\Project_ki3\Infrastructure\Persistence\Service\GoalReminderService.cs:line 35
[21:00:00 INF] Goal Reminder Service is starting.
[21:00:00 INF] No goals with upcoming reminders found.
[21:00:00 INF] Now listening on: http://localhost:5101
[21:00:00 INF] Application started. Press Ctrl+C to shut down.
[21:00:00 INF] Hosting environment: Development
[21:00:00 INF] Content root path: C:\Users\dangn\OneDrive\Documents\GitHub\tesst\Project_ki3\API
[21:00:14 INF] Application is shutting down...
[21:00:14 INF] Goal Reminder Service task was canceled.
[21:00:14 INF] Goal Reminder Service is stopping.
