[13:38:38 INF] Goal Reminder Service is starting.
[13:38:40 INF] Now listening on: http://localhost:5101
[13:38:40 INF] Application started. Press Ctrl+C to shut down.
[13:38:40 INF] Hosting environment: Development
[13:38:40 INF] Content root path: C:\Users\haian\Downloads\Project_ki3\API
[13:40:19 INF] Request started: POST /api/Users
[13:40:21 INF] Request completed: POST /api/Users - Status: 201 - Duration: 1394ms
[13:40:31 INF] Request started: GET /api/Users
[13:40:31 INF] Request completed: GET /api/Users - Status: 401 - Duration: 20ms
[13:40:44 INF] Request started: POST /api/Users/login
[13:40:45 INF] Request completed: POST /api/Users/login - Status: 200 - Duration: 555ms
[13:41:08 INF] Request started: GET /api/Users
[13:41:08 INF] Request completed: GET /api/Users - Status: 200 - Duration: 150ms
[14:17:02 INF] Goal Reminder Service is starting.
[14:17:04 INF] No goals with upcoming reminders found.
[14:17:04 INF] Now listening on: http://localhost:5101
[14:17:04 INF] Application started. Press Ctrl+C to shut down.
[14:17:04 INF] Hosting environment: Development
[14:17:05 INF] Content root path: C:\Users\haian\Downloads\Project_ki3\API
[14:17:21 INF] Request started: GET /api/Users
[14:17:21 INF] Request completed: GET /api/Users - Status: 401 - Duration: 210ms
[14:17:33 INF] Request started: POST /api/Users/login
[14:17:34 INF] Request completed: POST /api/Users/login - Status: 200 - Duration: 915ms
[14:17:45 INF] Request started: GET /api/Users
[14:17:45 INF] Request completed: GET /api/Users - Status: 401 - Duration: 4ms
[14:17:55 INF] Request started: GET /api/Users
[14:17:55 INF] Request completed: GET /api/Users - Status: 200 - Duration: 118ms
[14:18:31 INF] Request started: GET /api/Goals/user/681b35f1304f200e6af485d8
[14:18:31 INF] Request completed: GET /api/Goals/user/681b35f1304f200e6af485d8 - Status: 200 - Duration: 59ms
[14:19:24 INF] Request started: POST /api/Goals
[14:19:24 INF] Request completed: POST /api/Goals - Status: 201 - Duration: 287ms
[14:20:34 INF] Request started: POST /api/FinancialCourses
[14:20:35 INF] Request completed: POST /api/FinancialCourses - Status: 201 - Duration: 113ms
[14:20:45 INF] Request started: GET /api/FinancialCourses
[14:20:45 INF] Request completed: GET /api/FinancialCourses - Status: 200 - Duration: 64ms
[14:21:09 INF] Request started: POST /api/Budgets
[14:21:45 ERR] Request failed: POST /api/Budgets - Duration: 35844ms
Autofac.Core.DependencyResolutionException: An exception was thrown while activating Application.CQRS.Handlers.Budgets.CreateBudgetCommandHandler.
 ---> Autofac.Core.DependencyResolutionException: None of the constructors found on type 'Application.CQRS.Handlers.Budgets.CreateBudgetCommandHandler' can be invoked with the available services and parameters:
Cannot resolve parameter 'Domain.Interfaces.IBudgetRepository budgetRepository' of constructor 'Void .ctor(Domain.Interfaces.IBudgetRepository)'.

See https://autofac.rtfd.io/help/no-constructors-bindable for more info.
   at Autofac.Core.Activators.Reflection.ReflectionActivator.<>c__DisplayClass14_0.<UseSingleConstructorActivation>b__0(ResolveRequestContext context, Action`1 next)
   at Autofac.Core.Resolving.Middleware.DisposalTrackingMiddleware.Execute(ResolveRequestContext context, Action`1 next)
   at Autofac.Core.Resolving.Middleware.ActivatorErrorHandlingMiddleware.Execute(ResolveRequestContext context, Action`1 next)
   --- End of inner exception stack trace ---
   at Autofac.Core.Resolving.Middleware.ActivatorErrorHandlingMiddleware.Execute(ResolveRequestContext context, Action`1 next)
   at Autofac.Core.Resolving.Middleware.SharingMiddleware.Execute(ResolveRequestContext context, Action`1 next)
   at Autofac.Core.Resolving.Middleware.CircularDependencyDetectorMiddleware.Execute(ResolveRequestContext context, Action`1 next)
   at Autofac.Core.Resolving.ResolveOperation.GetOrCreateInstance(ISharingLifetimeScope currentOperationScope, ResolveRequest& request)
   at Autofac.Core.Resolving.ResolveOperation.ExecuteOperation(ResolveRequest& request)
   at Microsoft.Extensions.DependencyInjection.ServiceProviderServiceExtensions.GetRequiredService(IServiceProvider provider, Type serviceType)
   at Microsoft.Extensions.DependencyInjection.ServiceProviderServiceExtensions.GetRequiredService[T](IServiceProvider provider)
   at MediatR.Wrappers.RequestHandlerWrapperImpl`2.<>c__DisplayClass1_0.<Handle>g__Handler|0(CancellationToken t)
   at MediatR.Pipeline.RequestExceptionProcessorBehavior`2.Handle(TRequest request, RequestHandlerDelegate`1 next, CancellationToken cancellationToken)
   at MediatR.Pipeline.RequestExceptionProcessorBehavior`2.Handle(TRequest request, RequestHandlerDelegate`1 next, CancellationToken cancellationToken)
   at MediatR.Pipeline.RequestExceptionActionProcessorBehavior`2.Handle(TRequest request, RequestHandlerDelegate`1 next, CancellationToken cancellationToken)
   at MediatR.Pipeline.RequestExceptionActionProcessorBehavior`2.Handle(TRequest request, RequestHandlerDelegate`1 next, CancellationToken cancellationToken)
   at MediatR.Pipeline.RequestPreProcessorBehavior`2.Handle(TRequest request, RequestHandlerDelegate`1 next, CancellationToken cancellationToken)
   at MediatR.Pipeline.RequestPostProcessorBehavior`2.Handle(TRequest request, RequestHandlerDelegate`1 next, CancellationToken cancellationToken)
   at API.Controllers.BudgetsController.Create(CreateBudgetCommand command) in C:\Users\haian\Downloads\Project_ki3\API\Controllers\BudgetsController.cs:line 41
   at Microsoft.AspNetCore.Mvc.Infrastructure.ActionMethodExecutor.TaskOfIActionResultExecutor.Execute(ActionContext actionContext, IActionResultTypeMapper mapper, ObjectMethodExecutor executor, Object controller, Object[] arguments)
   at Microsoft.AspNetCore.Mvc.Infrastructure.ControllerActionInvoker.<InvokeActionMethodAsync>g__Awaited|12_0(ControllerActionInvoker invoker, ValueTask`1 actionResultValueTask)
   at Microsoft.AspNetCore.Mvc.Infrastructure.ControllerActionInvoker.<InvokeNextActionFilterAsync>g__Awaited|10_0(ControllerActionInvoker invoker, Task lastTask, State next, Scope scope, Object state, Boolean isCompleted)
   at Microsoft.AspNetCore.Mvc.Infrastructure.ControllerActionInvoker.Rethrow(ActionExecutedContextSealed context)
   at Microsoft.AspNetCore.Mvc.Infrastructure.ControllerActionInvoker.Next(State& next, Scope& scope, Object& state, Boolean& isCompleted)
   at Microsoft.AspNetCore.Mvc.Infrastructure.ControllerActionInvoker.InvokeInnerFilterAsync()
--- End of stack trace from previous location ---
   at Microsoft.AspNetCore.Mvc.Infrastructure.ResourceInvoker.<InvokeFilterPipelineAsync>g__Awaited|20_0(ResourceInvoker invoker, Task lastTask, State next, Scope scope, Object state, Boolean isCompleted)
   at Microsoft.AspNetCore.Mvc.Infrastructure.ResourceInvoker.<InvokeAsync>g__Awaited|17_0(ResourceInvoker invoker, Task task, IDisposable scope)
   at Microsoft.AspNetCore.Mvc.Infrastructure.ResourceInvoker.<InvokeAsync>g__Awaited|17_0(ResourceInvoker invoker, Task task, IDisposable scope)
   at Microsoft.AspNetCore.Authorization.AuthorizationMiddleware.Invoke(HttpContext context)
   at Microsoft.AspNetCore.Authentication.AuthenticationMiddleware.Invoke(HttpContext context)
   at Swashbuckle.AspNetCore.SwaggerUI.SwaggerUIMiddleware.Invoke(HttpContext httpContext)
   at Swashbuckle.AspNetCore.Swagger.SwaggerMiddleware.Invoke(HttpContext httpContext, ISwaggerProvider swaggerProvider)
   at API.Middleware.RequestLoggingMiddleware.InvokeAsync(HttpContext context) in C:\Users\haian\Downloads\Project_ki3\API\Middleware\RequestLoggingMiddleware.cs:line 26
[14:21:45 ERR] An unhandled exception occurred
Autofac.Core.DependencyResolutionException: An exception was thrown while activating Application.CQRS.Handlers.Budgets.CreateBudgetCommandHandler.
 ---> Autofac.Core.DependencyResolutionException: None of the constructors found on type 'Application.CQRS.Handlers.Budgets.CreateBudgetCommandHandler' can be invoked with the available services and parameters:
Cannot resolve parameter 'Domain.Interfaces.IBudgetRepository budgetRepository' of constructor 'Void .ctor(Domain.Interfaces.IBudgetRepository)'.

See https://autofac.rtfd.io/help/no-constructors-bindable for more info.
   at Autofac.Core.Activators.Reflection.ReflectionActivator.<>c__DisplayClass14_0.<UseSingleConstructorActivation>b__0(ResolveRequestContext context, Action`1 next)
   at Autofac.Core.Resolving.Middleware.DisposalTrackingMiddleware.Execute(ResolveRequestContext context, Action`1 next)
   at Autofac.Core.Resolving.Middleware.ActivatorErrorHandlingMiddleware.Execute(ResolveRequestContext context, Action`1 next)
   --- End of inner exception stack trace ---
   at Autofac.Core.Resolving.Middleware.ActivatorErrorHandlingMiddleware.Execute(ResolveRequestContext context, Action`1 next)
   at Autofac.Core.Resolving.Middleware.SharingMiddleware.Execute(ResolveRequestContext context, Action`1 next)
   at Autofac.Core.Resolving.Middleware.CircularDependencyDetectorMiddleware.Execute(ResolveRequestContext context, Action`1 next)
   at Autofac.Core.Resolving.ResolveOperation.GetOrCreateInstance(ISharingLifetimeScope currentOperationScope, ResolveRequest& request)
   at Autofac.Core.Resolving.ResolveOperation.ExecuteOperation(ResolveRequest& request)
   at Microsoft.Extensions.DependencyInjection.ServiceProviderServiceExtensions.GetRequiredService(IServiceProvider provider, Type serviceType)
   at Microsoft.Extensions.DependencyInjection.ServiceProviderServiceExtensions.GetRequiredService[T](IServiceProvider provider)
   at MediatR.Wrappers.RequestHandlerWrapperImpl`2.<>c__DisplayClass1_0.<Handle>g__Handler|0(CancellationToken t)
   at MediatR.Pipeline.RequestExceptionProcessorBehavior`2.Handle(TRequest request, RequestHandlerDelegate`1 next, CancellationToken cancellationToken)
   at MediatR.Pipeline.RequestExceptionProcessorBehavior`2.Handle(TRequest request, RequestHandlerDelegate`1 next, CancellationToken cancellationToken)
   at MediatR.Pipeline.RequestExceptionActionProcessorBehavior`2.Handle(TRequest request, RequestHandlerDelegate`1 next, CancellationToken cancellationToken)
   at MediatR.Pipeline.RequestExceptionActionProcessorBehavior`2.Handle(TRequest request, RequestHandlerDelegate`1 next, CancellationToken cancellationToken)
   at MediatR.Pipeline.RequestPreProcessorBehavior`2.Handle(TRequest request, RequestHandlerDelegate`1 next, CancellationToken cancellationToken)
   at MediatR.Pipeline.RequestPostProcessorBehavior`2.Handle(TRequest request, RequestHandlerDelegate`1 next, CancellationToken cancellationToken)
   at API.Controllers.BudgetsController.Create(CreateBudgetCommand command) in C:\Users\haian\Downloads\Project_ki3\API\Controllers\BudgetsController.cs:line 41
   at Microsoft.AspNetCore.Mvc.Infrastructure.ActionMethodExecutor.TaskOfIActionResultExecutor.Execute(ActionContext actionContext, IActionResultTypeMapper mapper, ObjectMethodExecutor executor, Object controller, Object[] arguments)
   at Microsoft.AspNetCore.Mvc.Infrastructure.ControllerActionInvoker.<InvokeActionMethodAsync>g__Awaited|12_0(ControllerActionInvoker invoker, ValueTask`1 actionResultValueTask)
   at Microsoft.AspNetCore.Mvc.Infrastructure.ControllerActionInvoker.<InvokeNextActionFilterAsync>g__Awaited|10_0(ControllerActionInvoker invoker, Task lastTask, State next, Scope scope, Object state, Boolean isCompleted)
   at Microsoft.AspNetCore.Mvc.Infrastructure.ControllerActionInvoker.Rethrow(ActionExecutedContextSealed context)
   at Microsoft.AspNetCore.Mvc.Infrastructure.ControllerActionInvoker.Next(State& next, Scope& scope, Object& state, Boolean& isCompleted)
   at Microsoft.AspNetCore.Mvc.Infrastructure.ControllerActionInvoker.InvokeInnerFilterAsync()
--- End of stack trace from previous location ---
   at Microsoft.AspNetCore.Mvc.Infrastructure.ResourceInvoker.<InvokeFilterPipelineAsync>g__Awaited|20_0(ResourceInvoker invoker, Task lastTask, State next, Scope scope, Object state, Boolean isCompleted)
   at Microsoft.AspNetCore.Mvc.Infrastructure.ResourceInvoker.<InvokeAsync>g__Awaited|17_0(ResourceInvoker invoker, Task task, IDisposable scope)
   at Microsoft.AspNetCore.Mvc.Infrastructure.ResourceInvoker.<InvokeAsync>g__Awaited|17_0(ResourceInvoker invoker, Task task, IDisposable scope)
   at Microsoft.AspNetCore.Authorization.AuthorizationMiddleware.Invoke(HttpContext context)
   at Microsoft.AspNetCore.Authentication.AuthenticationMiddleware.Invoke(HttpContext context)
   at Swashbuckle.AspNetCore.SwaggerUI.SwaggerUIMiddleware.Invoke(HttpContext httpContext)
   at Swashbuckle.AspNetCore.Swagger.SwaggerMiddleware.Invoke(HttpContext httpContext, ISwaggerProvider swaggerProvider)
   at API.Middleware.RequestLoggingMiddleware.InvokeAsync(HttpContext context) in C:\Users\haian\Downloads\Project_ki3\API\Middleware\RequestLoggingMiddleware.cs:line 26
   at API.Middleware.ExceptionHandlingMiddleware.InvokeAsync(HttpContext context) in C:\Users\haian\Downloads\Project_ki3\API\Middleware\ExceptionHandlingMiddleware.cs:line 22
[14:22:04 INF] 1 goals with upcoming reminders found.
[14:22:04 INF] Reminder sent for goal 'string' to user '681b35f1304f200e6af485d8'.
[14:22:04 INF] Reminder cleared for goal 'string'.
[14:25:34 INF] Goal Reminder Service is starting.
[14:25:35 INF] No goals with upcoming reminders found.
[14:25:36 INF] Now listening on: http://localhost:5101
[14:25:36 INF] Application started. Press Ctrl+C to shut down.
[14:25:36 INF] Hosting environment: Development
[14:25:36 INF] Content root path: C:\Users\haian\Downloads\Project_ki3\API
[14:26:03 INF] Request started: POST /api/Users/login
[14:26:04 INF] Request completed: POST /api/Users/login - Status: 200 - Duration: 1228ms
[14:26:14 INF] Request started: GET /api/Users
[14:26:14 INF] Request completed: GET /api/Users - Status: 401 - Duration: 28ms
[14:26:22 INF] Request started: POST /api/Users/login
[14:26:22 INF] Request completed: POST /api/Users/login - Status: 200 - Duration: 294ms
[14:26:39 INF] Request started: GET /api/Users
[14:26:39 INF] Request completed: GET /api/Users - Status: 200 - Duration: 122ms
[14:27:03 INF] Request started: POST /api/Budgets
[14:31:29 INF] No goals with upcoming reminders found.
[14:31:29 ERR] Request failed: POST /api/Budgets - Duration: 265551ms
Autofac.Core.DependencyResolutionException: An exception was thrown while activating Application.CQRS.Handlers.Budgets.CreateBudgetCommandHandler.
 ---> Autofac.Core.DependencyResolutionException: None of the constructors found on type 'Application.CQRS.Handlers.Budgets.CreateBudgetCommandHandler' can be invoked with the available services and parameters:
Cannot resolve parameter 'Domain.Interfaces.IBudgetRepository budgetRepository' of constructor 'Void .ctor(Domain.Interfaces.IBudgetRepository)'.

See https://autofac.rtfd.io/help/no-constructors-bindable for more info.
   at Autofac.Core.Activators.Reflection.ReflectionActivator.<>c__DisplayClass14_0.<UseSingleConstructorActivation>b__0(ResolveRequestContext context, Action`1 next)
   at Autofac.Core.Resolving.Middleware.DisposalTrackingMiddleware.Execute(ResolveRequestContext context, Action`1 next)
   at Autofac.Core.Resolving.Middleware.ActivatorErrorHandlingMiddleware.Execute(ResolveRequestContext context, Action`1 next)
   --- End of inner exception stack trace ---
   at Autofac.Core.Resolving.Middleware.ActivatorErrorHandlingMiddleware.Execute(ResolveRequestContext context, Action`1 next)
   at Autofac.Core.Resolving.Middleware.SharingMiddleware.Execute(ResolveRequestContext context, Action`1 next)
   at Autofac.Core.Resolving.Middleware.CircularDependencyDetectorMiddleware.Execute(ResolveRequestContext context, Action`1 next)
   at Autofac.Core.Resolving.ResolveOperation.GetOrCreateInstance(ISharingLifetimeScope currentOperationScope, ResolveRequest& request)
   at Autofac.Core.Resolving.ResolveOperation.ExecuteOperation(ResolveRequest& request)
   at Autofac.ResolutionExtensions.TryResolveService(IComponentContext context, Service service, IEnumerable`1 parameters, Object& instance)
   at Autofac.ResolutionExtensions.ResolveService(IComponentContext context, Service service, IEnumerable`1 parameters)
   at Autofac.ResolutionExtensions.Resolve(IComponentContext context, Type serviceType)
   at Autofac.Extensions.DependencyInjection.AutofacServiceProvider.GetRequiredService(Type serviceType)
   at Microsoft.Extensions.DependencyInjection.ServiceProviderServiceExtensions.GetRequiredService[T](IServiceProvider provider)
   at MediatR.Wrappers.RequestHandlerWrapperImpl`2.<>c__DisplayClass1_0.<Handle>g__Handler|0(CancellationToken t)
   at MediatR.Pipeline.RequestExceptionProcessorBehavior`2.Handle(TRequest request, RequestHandlerDelegate`1 next, CancellationToken cancellationToken)
   at MediatR.Pipeline.RequestExceptionProcessorBehavior`2.Handle(TRequest request, RequestHandlerDelegate`1 next, CancellationToken cancellationToken)
   at MediatR.Pipeline.RequestExceptionActionProcessorBehavior`2.Handle(TRequest request, RequestHandlerDelegate`1 next, CancellationToken cancellationToken)
   at MediatR.Pipeline.RequestExceptionActionProcessorBehavior`2.Handle(TRequest request, RequestHandlerDelegate`1 next, CancellationToken cancellationToken)
   at MediatR.Pipeline.RequestPreProcessorBehavior`2.Handle(TRequest request, RequestHandlerDelegate`1 next, CancellationToken cancellationToken)
   at MediatR.Pipeline.RequestPostProcessorBehavior`2.Handle(TRequest request, RequestHandlerDelegate`1 next, CancellationToken cancellationToken)
   at API.Controllers.BudgetsController.Create(CreateBudgetCommand command) in C:\Users\haian\Downloads\Project_ki3\API\Controllers\BudgetsController.cs:line 41
   at Microsoft.AspNetCore.Mvc.Infrastructure.ActionMethodExecutor.TaskOfIActionResultExecutor.Execute(ActionContext actionContext, IActionResultTypeMapper mapper, ObjectMethodExecutor executor, Object controller, Object[] arguments)
   at Microsoft.AspNetCore.Mvc.Infrastructure.ControllerActionInvoker.<InvokeActionMethodAsync>g__Awaited|12_0(ControllerActionInvoker invoker, ValueTask`1 actionResultValueTask)
   at Microsoft.AspNetCore.Mvc.Infrastructure.ControllerActionInvoker.<InvokeNextActionFilterAsync>g__Awaited|10_0(ControllerActionInvoker invoker, Task lastTask, State next, Scope scope, Object state, Boolean isCompleted)
   at Microsoft.AspNetCore.Mvc.Infrastructure.ControllerActionInvoker.Rethrow(ActionExecutedContextSealed context)
   at Microsoft.AspNetCore.Mvc.Infrastructure.ControllerActionInvoker.Next(State& next, Scope& scope, Object& state, Boolean& isCompleted)
   at Microsoft.AspNetCore.Mvc.Infrastructure.ControllerActionInvoker.InvokeInnerFilterAsync()
--- End of stack trace from previous location ---
   at Microsoft.AspNetCore.Mvc.Infrastructure.ResourceInvoker.<InvokeFilterPipelineAsync>g__Awaited|20_0(ResourceInvoker invoker, Task lastTask, State next, Scope scope, Object state, Boolean isCompleted)
   at Microsoft.AspNetCore.Mvc.Infrastructure.ResourceInvoker.<InvokeAsync>g__Awaited|17_0(ResourceInvoker invoker, Task task, IDisposable scope)
   at Microsoft.AspNetCore.Mvc.Infrastructure.ResourceInvoker.<InvokeAsync>g__Awaited|17_0(ResourceInvoker invoker, Task task, IDisposable scope)
   at Microsoft.AspNetCore.Authorization.AuthorizationMiddleware.Invoke(HttpContext context)
   at Microsoft.AspNetCore.Authentication.AuthenticationMiddleware.Invoke(HttpContext context)
   at Swashbuckle.AspNetCore.SwaggerUI.SwaggerUIMiddleware.Invoke(HttpContext httpContext)
   at Swashbuckle.AspNetCore.Swagger.SwaggerMiddleware.Invoke(HttpContext httpContext, ISwaggerProvider swaggerProvider)
   at API.Middleware.RequestLoggingMiddleware.InvokeAsync(HttpContext context) in C:\Users\haian\Downloads\Project_ki3\API\Middleware\RequestLoggingMiddleware.cs:line 26
[14:31:29 ERR] An unhandled exception occurred
Autofac.Core.DependencyResolutionException: An exception was thrown while activating Application.CQRS.Handlers.Budgets.CreateBudgetCommandHandler.
 ---> Autofac.Core.DependencyResolutionException: None of the constructors found on type 'Application.CQRS.Handlers.Budgets.CreateBudgetCommandHandler' can be invoked with the available services and parameters:
Cannot resolve parameter 'Domain.Interfaces.IBudgetRepository budgetRepository' of constructor 'Void .ctor(Domain.Interfaces.IBudgetRepository)'.

See https://autofac.rtfd.io/help/no-constructors-bindable for more info.
   at Autofac.Core.Activators.Reflection.ReflectionActivator.<>c__DisplayClass14_0.<UseSingleConstructorActivation>b__0(ResolveRequestContext context, Action`1 next)
   at Autofac.Core.Resolving.Middleware.DisposalTrackingMiddleware.Execute(ResolveRequestContext context, Action`1 next)
   at Autofac.Core.Resolving.Middleware.ActivatorErrorHandlingMiddleware.Execute(ResolveRequestContext context, Action`1 next)
   --- End of inner exception stack trace ---
   at Autofac.Core.Resolving.Middleware.ActivatorErrorHandlingMiddleware.Execute(ResolveRequestContext context, Action`1 next)
   at Autofac.Core.Resolving.Middleware.SharingMiddleware.Execute(ResolveRequestContext context, Action`1 next)
   at Autofac.Core.Resolving.Middleware.CircularDependencyDetectorMiddleware.Execute(ResolveRequestContext context, Action`1 next)
   at Autofac.Core.Resolving.ResolveOperation.GetOrCreateInstance(ISharingLifetimeScope currentOperationScope, ResolveRequest& request)
   at Autofac.Core.Resolving.ResolveOperation.ExecuteOperation(ResolveRequest& request)
   at Autofac.ResolutionExtensions.TryResolveService(IComponentContext context, Service service, IEnumerable`1 parameters, Object& instance)
   at Autofac.ResolutionExtensions.ResolveService(IComponentContext context, Service service, IEnumerable`1 parameters)
   at Autofac.ResolutionExtensions.Resolve(IComponentContext context, Type serviceType)
   at Autofac.Extensions.DependencyInjection.AutofacServiceProvider.GetRequiredService(Type serviceType)
   at Microsoft.Extensions.DependencyInjection.ServiceProviderServiceExtensions.GetRequiredService[T](IServiceProvider provider)
   at MediatR.Wrappers.RequestHandlerWrapperImpl`2.<>c__DisplayClass1_0.<Handle>g__Handler|0(CancellationToken t)
   at MediatR.Pipeline.RequestExceptionProcessorBehavior`2.Handle(TRequest request, RequestHandlerDelegate`1 next, CancellationToken cancellationToken)
   at MediatR.Pipeline.RequestExceptionProcessorBehavior`2.Handle(TRequest request, RequestHandlerDelegate`1 next, CancellationToken cancellationToken)
   at MediatR.Pipeline.RequestExceptionActionProcessorBehavior`2.Handle(TRequest request, RequestHandlerDelegate`1 next, CancellationToken cancellationToken)
   at MediatR.Pipeline.RequestExceptionActionProcessorBehavior`2.Handle(TRequest request, RequestHandlerDelegate`1 next, CancellationToken cancellationToken)
   at MediatR.Pipeline.RequestPreProcessorBehavior`2.Handle(TRequest request, RequestHandlerDelegate`1 next, CancellationToken cancellationToken)
   at MediatR.Pipeline.RequestPostProcessorBehavior`2.Handle(TRequest request, RequestHandlerDelegate`1 next, CancellationToken cancellationToken)
   at API.Controllers.BudgetsController.Create(CreateBudgetCommand command) in C:\Users\haian\Downloads\Project_ki3\API\Controllers\BudgetsController.cs:line 41
   at Microsoft.AspNetCore.Mvc.Infrastructure.ActionMethodExecutor.TaskOfIActionResultExecutor.Execute(ActionContext actionContext, IActionResultTypeMapper mapper, ObjectMethodExecutor executor, Object controller, Object[] arguments)
   at Microsoft.AspNetCore.Mvc.Infrastructure.ControllerActionInvoker.<InvokeActionMethodAsync>g__Awaited|12_0(ControllerActionInvoker invoker, ValueTask`1 actionResultValueTask)
   at Microsoft.AspNetCore.Mvc.Infrastructure.ControllerActionInvoker.<InvokeNextActionFilterAsync>g__Awaited|10_0(ControllerActionInvoker invoker, Task lastTask, State next, Scope scope, Object state, Boolean isCompleted)
   at Microsoft.AspNetCore.Mvc.Infrastructure.ControllerActionInvoker.Rethrow(ActionExecutedContextSealed context)
   at Microsoft.AspNetCore.Mvc.Infrastructure.ControllerActionInvoker.Next(State& next, Scope& scope, Object& state, Boolean& isCompleted)
   at Microsoft.AspNetCore.Mvc.Infrastructure.ControllerActionInvoker.InvokeInnerFilterAsync()
--- End of stack trace from previous location ---
   at Microsoft.AspNetCore.Mvc.Infrastructure.ResourceInvoker.<InvokeFilterPipelineAsync>g__Awaited|20_0(ResourceInvoker invoker, Task lastTask, State next, Scope scope, Object state, Boolean isCompleted)
   at Microsoft.AspNetCore.Mvc.Infrastructure.ResourceInvoker.<InvokeAsync>g__Awaited|17_0(ResourceInvoker invoker, Task task, IDisposable scope)
   at Microsoft.AspNetCore.Mvc.Infrastructure.ResourceInvoker.<InvokeAsync>g__Awaited|17_0(ResourceInvoker invoker, Task task, IDisposable scope)
   at Microsoft.AspNetCore.Authorization.AuthorizationMiddleware.Invoke(HttpContext context)
   at Microsoft.AspNetCore.Authentication.AuthenticationMiddleware.Invoke(HttpContext context)
   at Swashbuckle.AspNetCore.SwaggerUI.SwaggerUIMiddleware.Invoke(HttpContext httpContext)
   at Swashbuckle.AspNetCore.Swagger.SwaggerMiddleware.Invoke(HttpContext httpContext, ISwaggerProvider swaggerProvider)
   at API.Middleware.RequestLoggingMiddleware.InvokeAsync(HttpContext context) in C:\Users\haian\Downloads\Project_ki3\API\Middleware\RequestLoggingMiddleware.cs:line 26
   at API.Middleware.ExceptionHandlingMiddleware.InvokeAsync(HttpContext context) in C:\Users\haian\Downloads\Project_ki3\API\Middleware\ExceptionHandlingMiddleware.cs:line 22
[14:32:16 INF] Goal Reminder Service is starting.
[14:32:17 INF] No goals with upcoming reminders found.
[14:32:18 INF] Now listening on: http://localhost:5101
[14:32:18 INF] Application started. Press Ctrl+C to shut down.
[14:32:18 INF] Hosting environment: Development
[14:32:18 INF] Content root path: C:\Users\haian\Downloads\Project_ki3\API
[14:32:34 INF] Request started: POST /api/Users/login
[14:32:36 INF] Request completed: POST /api/Users/login - Status: 200 - Duration: 1587ms
[14:32:51 INF] Request started: GET /api/Users
[14:32:51 INF] Request completed: GET /api/Users - Status: 200 - Duration: 158ms
[14:33:13 INF] Request started: POST /api/Budgets
[14:33:14 INF] Request completed: POST /api/Budgets - Status: 201 - Duration: 1186ms
[14:33:39 INF] Request started: GET /api/Budgets/user/681b35f1304f200e6af485d8
[14:33:39 INF] Request completed: GET /api/Budgets/user/681b35f1304f200e6af485d8 - Status: 200 - Duration: 114ms
