[22:40:46 INF] Goal Reminder Service is starting.
[22:40:47 INF] No goals with upcoming reminders found.
[22:40:47 INF] Now listening on: http://localhost:5101
[22:40:47 INF] Application started. Press Ctrl+C to shut down.
[22:40:47 INF] Hosting environment: Development
[22:40:47 INF] Content root path: C:\Users\dangn\OneDrive\Documents\GitHub\tesst\Project_ki3\API
[22:46:34 INF] Goal Reminder Service is starting.
[22:46:35 INF] Now listening on: http://localhost:5101
[22:46:35 INF] Application started. Press Ctrl+C to shut down.
[22:46:35 INF] Hosting environment: Development
[22:46:35 INF] Content root path: C:\Users\HaiAnh\Desktop\Project_ki3\Project_ki3\API
[23:27:03 INF] Goal Reminder Service is starting.
[23:27:05 INF] Now listening on: http://localhost:5101
[23:27:05 INF] Application started. Press Ctrl+C to shut down.
[23:27:05 INF] Hosting environment: Development
[23:27:05 INF] Content root path: C:\Users\HaiAnh\Documents\GitHub\project_ki3\Project_ki3\API
[23:27:35 ERR] An error occurred while processing goal reminders.
System.TimeoutException: A timeout occurred after 30000ms selecting a server using CompositeServerSelector{ Selectors = ReadPreferenceServerSelector{ ReadPreference = { Mode : Primary } }, LatencyLimitingServerSelector{ AllowedLatencyRange = 00:00:00.0150000 }, OperationsCountServerSelector }. Client view of cluster state is { ClusterId : "1", Type : "Unknown", State : "Disconnected", Servers : [{ ServerId: "{ ClusterId : 1, EndPoint : "Unspecified/localhost:27017" }", EndPoint: "Unspecified/localhost:27017", ReasonChanged: "Heartbeat", State: "Disconnected", ServerVersion: , TopologyVersion: , Type: "Unknown", HeartbeatException: "MongoDB.Driver.MongoConnectionException: An exception occurred while opening a connection to the server.
 ---> System.Net.Sockets.SocketException (10061): No connection could be made because the target machine actively refused it.
   at System.Net.Sockets.Socket.AwaitableSocketAsyncEventArgs.ThrowException(SocketError error, CancellationToken cancellationToken)
   at System.Net.Sockets.Socket.AwaitableSocketAsyncEventArgs.System.Threading.Tasks.Sources.IValueTaskSource.GetResult(Int16 token)
   at System.Threading.Tasks.ValueTask.ValueTaskSourceAsTask.<>c.<.cctor>b__4_0(Object state)
--- End of stack trace from previous location ---
   at System.Threading.Tasks.TaskToAsyncResult.End(IAsyncResult asyncResult)
   at MongoDB.Driver.Core.Connections.TcpStreamFactory.Connect(Socket socket, EndPoint endPoint, CancellationToken cancellationToken)
   at MongoDB.Driver.Core.Connections.TcpStreamFactory.CreateStream(EndPoint endPoint, CancellationToken cancellationToken)
   at MongoDB.Driver.Core.Connections.BinaryConnection.OpenHelper(CancellationToken cancellationToken)
   --- End of inner exception stack trace ---
   at MongoDB.Driver.Core.Connections.BinaryConnection.OpenHelper(CancellationToken cancellationToken)
   at MongoDB.Driver.Core.Connections.BinaryConnection.Open(CancellationToken cancellationToken)
   at MongoDB.Driver.Core.Servers.ServerMonitor.InitializeConnection(CancellationToken cancellationToken)
   at MongoDB.Driver.Core.Servers.ServerMonitor.Heartbeat(CancellationToken cancellationToken)", LastHeartbeatTimestamp: "2025-05-22T16:27:31.7649428Z", LastUpdateTimestamp: "2025-05-22T16:27:31.7649439Z" }] }.
   at MongoDB.Driver.Core.Clusters.Cluster.ThrowTimeoutException(IServerSelector selector, ClusterDescription description)
   at MongoDB.Driver.Core.Clusters.Cluster.WaitForDescriptionChangedHelper.HandleCompletedTask(Task completedTask)
   at MongoDB.Driver.Core.Clusters.Cluster.WaitForDescriptionChangedAsync(IServerSelector selector, ClusterDescription description, Task descriptionChangedTask, TimeSpan timeout, CancellationToken cancellationToken)
   at MongoDB.Driver.Core.Clusters.Cluster.SelectServerAsync(IServerSelector selector, CancellationToken cancellationToken)
   at MongoDB.Driver.Core.Clusters.IClusterExtensions.SelectServerAndPinIfNeededAsync(IClusterInternal cluster, ICoreSessionHandle session, IServerSelector selector, IReadOnlyCollection`1 deprioritizedServers, CancellationToken cancellationToken)
   at MongoDB.Driver.Core.Bindings.ReadPreferenceBinding.GetReadChannelSourceAsync(IReadOnlyCollection`1 deprioritizedServers, CancellationToken cancellationToken)
   at MongoDB.Driver.Core.Operations.RetryableReadContext.InitializeAsync(CancellationToken cancellationToken)
   at MongoDB.Driver.Core.Operations.RetryableReadContext.CreateAsync(IReadBinding binding, Boolean retryRequested, CancellationToken cancellationToken)
   at MongoDB.Driver.Core.Operations.FindOperation`1.ExecuteAsync(IReadBinding binding, CancellationToken cancellationToken)
   at MongoDB.Driver.OperationExecutor.ExecuteReadOperationAsync[TResult](IReadBinding binding, IReadOperation`1 operation, CancellationToken cancellationToken)
   at MongoDB.Driver.MongoCollectionImpl`1.ExecuteReadOperationAsync[TResult](IClientSessionHandle session, IReadOperation`1 operation, ReadPreference readPreference, CancellationToken cancellationToken)
   at MongoDB.Driver.MongoCollectionImpl`1.UsingImplicitSessionAsync[TResult](Func`2 funcAsync, CancellationToken cancellationToken)
   at MongoDB.Driver.IAsyncCursorSourceExtensions.ToListAsync[TDocument](IAsyncCursorSource`1 source, CancellationToken cancellationToken)
   at Infrastructure.Persistence.Repositories.GoalRepository.GetGoalsWithUpcomingRemindersAsync(DateTime currentTime) in C:\Users\HaiAnh\Documents\GitHub\project_ki3\Project_ki3\Infrastructure\Persistence\Repositories\GoalRepository.cs:line 29
   at Infrastructure.Services.GoalReminderService.ExecuteAsync(CancellationToken stoppingToken) in C:\Users\HaiAnh\Documents\GitHub\project_ki3\Project_ki3\Infrastructure\Persistence\Services\GoalReminderService.cs:line 35
[23:28:04 INF] Application is shutting down...
[23:28:04 INF] Goal Reminder Service task was canceled.
[23:28:04 INF] Goal Reminder Service is stopping.
[23:40:29 INF] Goal Reminder Service is starting.
[23:40:29 INF] Now listening on: http://localhost:5101
[23:40:29 INF] Application started. Press Ctrl+C to shut down.
[23:40:29 INF] Hosting environment: Development
[23:40:29 INF] Content root path: C:\Users\HaiAnh\Documents\GitHub\project_ki3\Project_ki3\API
[23:41:00 ERR] An error occurred while processing goal reminders.
System.TimeoutException: A timeout occurred after 30000ms selecting a server using CompositeServerSelector{ Selectors = ReadPreferenceServerSelector{ ReadPreference = { Mode : Primary } }, LatencyLimitingServerSelector{ AllowedLatencyRange = 00:00:00.0150000 }, OperationsCountServerSelector }. Client view of cluster state is { ClusterId : "1", Type : "Unknown", State : "Disconnected", Servers : [{ ServerId: "{ ClusterId : 1, EndPoint : "Unspecified/localhost:27017" }", EndPoint: "Unspecified/localhost:27017", ReasonChanged: "Heartbeat", State: "Disconnected", ServerVersion: , TopologyVersion: , Type: "Unknown", HeartbeatException: "MongoDB.Driver.MongoConnectionException: An exception occurred while opening a connection to the server.
 ---> System.Net.Sockets.SocketException (10061): No connection could be made because the target machine actively refused it.
   at System.Net.Sockets.Socket.AwaitableSocketAsyncEventArgs.ThrowException(SocketError error, CancellationToken cancellationToken)
   at System.Net.Sockets.Socket.AwaitableSocketAsyncEventArgs.System.Threading.Tasks.Sources.IValueTaskSource.GetResult(Int16 token)
   at System.Threading.Tasks.ValueTask.ValueTaskSourceAsTask.<>c.<.cctor>b__4_0(Object state)
--- End of stack trace from previous location ---
   at System.Threading.Tasks.TaskToAsyncResult.End(IAsyncResult asyncResult)
   at MongoDB.Driver.Core.Connections.TcpStreamFactory.Connect(Socket socket, EndPoint endPoint, CancellationToken cancellationToken)
   at MongoDB.Driver.Core.Connections.TcpStreamFactory.CreateStream(EndPoint endPoint, CancellationToken cancellationToken)
   at MongoDB.Driver.Core.Connections.BinaryConnection.OpenHelper(CancellationToken cancellationToken)
   --- End of inner exception stack trace ---
   at MongoDB.Driver.Core.Connections.BinaryConnection.OpenHelper(CancellationToken cancellationToken)
   at MongoDB.Driver.Core.Connections.BinaryConnection.Open(CancellationToken cancellationToken)
   at MongoDB.Driver.Core.Servers.ServerMonitor.InitializeConnection(CancellationToken cancellationToken)
   at MongoDB.Driver.Core.Servers.ServerMonitor.Heartbeat(CancellationToken cancellationToken)", LastHeartbeatTimestamp: "2025-05-22T16:40:56.6453141Z", LastUpdateTimestamp: "2025-05-22T16:40:56.6453150Z" }] }.
   at MongoDB.Driver.Core.Clusters.Cluster.ThrowTimeoutException(IServerSelector selector, ClusterDescription description)
   at MongoDB.Driver.Core.Clusters.Cluster.WaitForDescriptionChangedHelper.HandleCompletedTask(Task completedTask)
   at MongoDB.Driver.Core.Clusters.Cluster.WaitForDescriptionChangedAsync(IServerSelector selector, ClusterDescription description, Task descriptionChangedTask, TimeSpan timeout, CancellationToken cancellationToken)
   at MongoDB.Driver.Core.Clusters.Cluster.SelectServerAsync(IServerSelector selector, CancellationToken cancellationToken)
   at MongoDB.Driver.Core.Clusters.IClusterExtensions.SelectServerAndPinIfNeededAsync(IClusterInternal cluster, ICoreSessionHandle session, IServerSelector selector, IReadOnlyCollection`1 deprioritizedServers, CancellationToken cancellationToken)
   at MongoDB.Driver.Core.Bindings.ReadPreferenceBinding.GetReadChannelSourceAsync(IReadOnlyCollection`1 deprioritizedServers, CancellationToken cancellationToken)
   at MongoDB.Driver.Core.Operations.RetryableReadContext.InitializeAsync(CancellationToken cancellationToken)
   at MongoDB.Driver.Core.Operations.RetryableReadContext.CreateAsync(IReadBinding binding, Boolean retryRequested, CancellationToken cancellationToken)
   at MongoDB.Driver.Core.Operations.FindOperation`1.ExecuteAsync(IReadBinding binding, CancellationToken cancellationToken)
   at MongoDB.Driver.OperationExecutor.ExecuteReadOperationAsync[TResult](IReadBinding binding, IReadOperation`1 operation, CancellationToken cancellationToken)
   at MongoDB.Driver.MongoCollectionImpl`1.ExecuteReadOperationAsync[TResult](IClientSessionHandle session, IReadOperation`1 operation, ReadPreference readPreference, CancellationToken cancellationToken)
   at MongoDB.Driver.MongoCollectionImpl`1.UsingImplicitSessionAsync[TResult](Func`2 funcAsync, CancellationToken cancellationToken)
   at MongoDB.Driver.IAsyncCursorSourceExtensions.ToListAsync[TDocument](IAsyncCursorSource`1 source, CancellationToken cancellationToken)
   at Infrastructure.Persistence.Repositories.GoalRepository.GetGoalsWithUpcomingRemindersAsync(DateTime currentTime) in C:\Users\HaiAnh\Documents\GitHub\project_ki3\Project_ki3\Infrastructure\Persistence\Repositories\GoalRepository.cs:line 29
   at Infrastructure.Services.GoalReminderService.ExecuteAsync(CancellationToken stoppingToken) in C:\Users\HaiAnh\Documents\GitHub\project_ki3\Project_ki3\Infrastructure\Persistence\Services\GoalReminderService.cs:line 35
[23:41:03 INF] Request started: POST /api/Users/login
[23:42:14 INF] Goal Reminder Service is starting.
[23:42:15 INF] Now listening on: http://localhost:5101
[23:42:15 INF] Application started. Press Ctrl+C to shut down.
[23:42:15 INF] Hosting environment: Development
[23:42:15 INF] Content root path: C:\Users\HaiAnh\Documents\GitHub\project_ki3\Project_ki3\API
[23:42:28 INF] Request started: GET /api/Users
[23:42:28 INF] Request completed: GET /api/Users - Status: 401 - Duration: 88ms
[23:42:39 INF] Request started: POST /api/Users
[23:42:45 ERR] An error occurred while processing goal reminders.
System.TimeoutException: A timeout occurred after 30000ms selecting a server using CompositeServerSelector{ Selectors = ReadPreferenceServerSelector{ ReadPreference = { Mode : Primary } }, LatencyLimitingServerSelector{ AllowedLatencyRange = 00:00:00.0150000 }, OperationsCountServerSelector }. Client view of cluster state is { ClusterId : "1", Type : "Unknown", State : "Disconnected", Servers : [{ ServerId: "{ ClusterId : 1, EndPoint : "Unspecified/localhost:27017" }", EndPoint: "Unspecified/localhost:27017", ReasonChanged: "Heartbeat", State: "Disconnected", ServerVersion: , TopologyVersion: , Type: "Unknown", HeartbeatException: "MongoDB.Driver.MongoConnectionException: An exception occurred while opening a connection to the server.
 ---> System.Net.Sockets.SocketException (10061): No connection could be made because the target machine actively refused it.
   at System.Net.Sockets.Socket.AwaitableSocketAsyncEventArgs.ThrowException(SocketError error, CancellationToken cancellationToken)
   at System.Net.Sockets.Socket.AwaitableSocketAsyncEventArgs.System.Threading.Tasks.Sources.IValueTaskSource.GetResult(Int16 token)
   at System.Threading.Tasks.ValueTask.ValueTaskSourceAsTask.<>c.<.cctor>b__4_0(Object state)
--- End of stack trace from previous location ---
   at System.Threading.Tasks.TaskToAsyncResult.End(IAsyncResult asyncResult)
   at MongoDB.Driver.Core.Connections.TcpStreamFactory.Connect(Socket socket, EndPoint endPoint, CancellationToken cancellationToken)
   at MongoDB.Driver.Core.Connections.TcpStreamFactory.CreateStream(EndPoint endPoint, CancellationToken cancellationToken)
   at MongoDB.Driver.Core.Connections.BinaryConnection.OpenHelper(CancellationToken cancellationToken)
   --- End of inner exception stack trace ---
   at MongoDB.Driver.Core.Connections.BinaryConnection.OpenHelper(CancellationToken cancellationToken)
   at MongoDB.Driver.Core.Connections.BinaryConnection.Open(CancellationToken cancellationToken)
   at MongoDB.Driver.Core.Servers.ServerMonitor.InitializeConnection(CancellationToken cancellationToken)
   at MongoDB.Driver.Core.Servers.ServerMonitor.Heartbeat(CancellationToken cancellationToken)", LastHeartbeatTimestamp: "2025-05-22T16:42:42.1688774Z", LastUpdateTimestamp: "2025-05-22T16:42:42.1688787Z" }] }.
   at MongoDB.Driver.Core.Clusters.Cluster.ThrowTimeoutException(IServerSelector selector, ClusterDescription description)
   at MongoDB.Driver.Core.Clusters.Cluster.WaitForDescriptionChangedHelper.HandleCompletedTask(Task completedTask)
   at MongoDB.Driver.Core.Clusters.Cluster.WaitForDescriptionChangedAsync(IServerSelector selector, ClusterDescription description, Task descriptionChangedTask, TimeSpan timeout, CancellationToken cancellationToken)
   at MongoDB.Driver.Core.Clusters.Cluster.SelectServerAsync(IServerSelector selector, CancellationToken cancellationToken)
   at MongoDB.Driver.Core.Clusters.IClusterExtensions.SelectServerAndPinIfNeededAsync(IClusterInternal cluster, ICoreSessionHandle session, IServerSelector selector, IReadOnlyCollection`1 deprioritizedServers, CancellationToken cancellationToken)
   at MongoDB.Driver.Core.Bindings.ReadPreferenceBinding.GetReadChannelSourceAsync(IReadOnlyCollection`1 deprioritizedServers, CancellationToken cancellationToken)
   at MongoDB.Driver.Core.Operations.RetryableReadContext.InitializeAsync(CancellationToken cancellationToken)
   at MongoDB.Driver.Core.Operations.RetryableReadContext.CreateAsync(IReadBinding binding, Boolean retryRequested, CancellationToken cancellationToken)
   at MongoDB.Driver.Core.Operations.FindOperation`1.ExecuteAsync(IReadBinding binding, CancellationToken cancellationToken)
   at MongoDB.Driver.OperationExecutor.ExecuteReadOperationAsync[TResult](IReadBinding binding, IReadOperation`1 operation, CancellationToken cancellationToken)
   at MongoDB.Driver.MongoCollectionImpl`1.ExecuteReadOperationAsync[TResult](IClientSessionHandle session, IReadOperation`1 operation, ReadPreference readPreference, CancellationToken cancellationToken)
   at MongoDB.Driver.MongoCollectionImpl`1.UsingImplicitSessionAsync[TResult](Func`2 funcAsync, CancellationToken cancellationToken)
   at MongoDB.Driver.IAsyncCursorSourceExtensions.ToListAsync[TDocument](IAsyncCursorSource`1 source, CancellationToken cancellationToken)
   at Infrastructure.Persistence.Repositories.GoalRepository.GetGoalsWithUpcomingRemindersAsync(DateTime currentTime) in C:\Users\HaiAnh\Documents\GitHub\project_ki3\Project_ki3\Infrastructure\Persistence\Repositories\GoalRepository.cs:line 29
   at Infrastructure.Services.GoalReminderService.ExecuteAsync(CancellationToken stoppingToken) in C:\Users\HaiAnh\Documents\GitHub\project_ki3\Project_ki3\Infrastructure\Persistence\Services\GoalReminderService.cs:line 35
[23:48:23 INF] Goal Reminder Service is starting.
[23:48:24 INF] Now listening on: http://localhost:5101
[23:48:24 INF] Application started. Press Ctrl+C to shut down.
[23:48:24 INF] Hosting environment: Development
[23:48:24 INF] Content root path: C:\Users\HaiAnh\Documents\GitHub\project_ki3\Project_ki3\API
[23:48:54 ERR] An error occurred while processing goal reminders.
System.TimeoutException: A timeout occurred after 30000ms selecting a server using CompositeServerSelector{ Selectors = ReadPreferenceServerSelector{ ReadPreference = { Mode : Primary } }, LatencyLimitingServerSelector{ AllowedLatencyRange = 00:00:00.0150000 }, OperationsCountServerSelector }. Client view of cluster state is { ClusterId : "1", Type : "Unknown", State : "Disconnected", Servers : [{ ServerId: "{ ClusterId : 1, EndPoint : "Unspecified/localhost:27017" }", EndPoint: "Unspecified/localhost:27017", ReasonChanged: "Heartbeat", State: "Disconnected", ServerVersion: , TopologyVersion: , Type: "Unknown", HeartbeatException: "MongoDB.Driver.MongoConnectionException: An exception occurred while opening a connection to the server.
 ---> System.Net.Sockets.SocketException (10061): No connection could be made because the target machine actively refused it.
   at System.Net.Sockets.Socket.AwaitableSocketAsyncEventArgs.ThrowException(SocketError error, CancellationToken cancellationToken)
   at System.Net.Sockets.Socket.AwaitableSocketAsyncEventArgs.System.Threading.Tasks.Sources.IValueTaskSource.GetResult(Int16 token)
   at System.Threading.Tasks.ValueTask.ValueTaskSourceAsTask.<>c.<.cctor>b__4_0(Object state)
--- End of stack trace from previous location ---
   at System.Threading.Tasks.TaskToAsyncResult.End(IAsyncResult asyncResult)
   at MongoDB.Driver.Core.Connections.TcpStreamFactory.Connect(Socket socket, EndPoint endPoint, CancellationToken cancellationToken)
   at MongoDB.Driver.Core.Connections.TcpStreamFactory.CreateStream(EndPoint endPoint, CancellationToken cancellationToken)
   at MongoDB.Driver.Core.Connections.BinaryConnection.OpenHelper(CancellationToken cancellationToken)
   --- End of inner exception stack trace ---
   at MongoDB.Driver.Core.Connections.BinaryConnection.OpenHelper(CancellationToken cancellationToken)
   at MongoDB.Driver.Core.Connections.BinaryConnection.Open(CancellationToken cancellationToken)
   at MongoDB.Driver.Core.Servers.ServerMonitor.InitializeConnection(CancellationToken cancellationToken)
   at MongoDB.Driver.Core.Servers.ServerMonitor.Heartbeat(CancellationToken cancellationToken)", LastHeartbeatTimestamp: "2025-05-22T16:48:50.9420418Z", LastUpdateTimestamp: "2025-05-22T16:48:50.9420429Z" }] }.
   at MongoDB.Driver.Core.Clusters.Cluster.ThrowTimeoutException(IServerSelector selector, ClusterDescription description)
   at MongoDB.Driver.Core.Clusters.Cluster.WaitForDescriptionChangedHelper.HandleCompletedTask(Task completedTask)
   at MongoDB.Driver.Core.Clusters.Cluster.WaitForDescriptionChangedAsync(IServerSelector selector, ClusterDescription description, Task descriptionChangedTask, TimeSpan timeout, CancellationToken cancellationToken)
   at MongoDB.Driver.Core.Clusters.Cluster.SelectServerAsync(IServerSelector selector, CancellationToken cancellationToken)
   at MongoDB.Driver.Core.Clusters.IClusterExtensions.SelectServerAndPinIfNeededAsync(IClusterInternal cluster, ICoreSessionHandle session, IServerSelector selector, IReadOnlyCollection`1 deprioritizedServers, CancellationToken cancellationToken)
   at MongoDB.Driver.Core.Bindings.ReadPreferenceBinding.GetReadChannelSourceAsync(IReadOnlyCollection`1 deprioritizedServers, CancellationToken cancellationToken)
   at MongoDB.Driver.Core.Operations.RetryableReadContext.InitializeAsync(CancellationToken cancellationToken)
   at MongoDB.Driver.Core.Operations.RetryableReadContext.CreateAsync(IReadBinding binding, Boolean retryRequested, CancellationToken cancellationToken)
   at MongoDB.Driver.Core.Operations.FindOperation`1.ExecuteAsync(IReadBinding binding, CancellationToken cancellationToken)
   at MongoDB.Driver.OperationExecutor.ExecuteReadOperationAsync[TResult](IReadBinding binding, IReadOperation`1 operation, CancellationToken cancellationToken)
   at MongoDB.Driver.MongoCollectionImpl`1.ExecuteReadOperationAsync[TResult](IClientSessionHandle session, IReadOperation`1 operation, ReadPreference readPreference, CancellationToken cancellationToken)
   at MongoDB.Driver.MongoCollectionImpl`1.UsingImplicitSessionAsync[TResult](Func`2 funcAsync, CancellationToken cancellationToken)
   at MongoDB.Driver.IAsyncCursorSourceExtensions.ToListAsync[TDocument](IAsyncCursorSource`1 source, CancellationToken cancellationToken)
   at Infrastructure.Persistence.Repositories.GoalRepository.GetGoalsWithUpcomingRemindersAsync(DateTime currentTime) in C:\Users\HaiAnh\Documents\GitHub\project_ki3\Project_ki3\Infrastructure\Persistence\Repositories\GoalRepository.cs:line 29
   at Infrastructure.Services.GoalReminderService.ExecuteAsync(CancellationToken stoppingToken) in C:\Users\HaiAnh\Documents\GitHub\project_ki3\Project_ki3\Infrastructure\Persistence\Services\GoalReminderService.cs:line 35
